<?xml version="1.0" encoding="UTF-8"?>
<testsuite name="com.example.AppTest" tests="1" skipped="0" failures="0" errors="0" timestamp="2025-06-04T15:00:59.585Z" hostname="LAPTOP-7Q4HD84K" time="0.003">
  <properties/>
  <testcase name="testApp" classname="com.example.AppTest" time="0.003"/>
  <system-out><![CDATA[]]></system-out>
  <system-err><![CDATA[]]></system-err>
</testsuite>
